<?xml version="1.0" encoding="UTF-8"?>
<!-- Generated by org.testng.reporters.JUnitReportReporter -->
<testsuite hostname="LAPTOP-M3BBU8N8" failures="0" tests="1" name="Log4j_continued.seleniumtestcase_log4j.act" time="15.660" errors="0" timestamp="2020-10-23T02:46:17 IST" skipped="0">
  <testcase classname="Log4j_continued.seleniumtestcase_log4j.act" name="test" time="15.660"/>
  <system-out/>
</testsuite> <!-- Log4j_continued.seleniumtestcase_log4j.act -->
