<?xml version="1.0" encoding="UTF-8"?>
<!-- Generated by org.testng.reporters.JUnitReportReporter -->
<testsuite hostname="LAPTOP-M3BBU8N8" failures="0" tests="1" name="test.Day1" time="0.006" errors="0" timestamp="2020-10-14T11:54:51 IST" skipped="0">
  <testcase classname="test.Day1" name="Demo" time="0.006"/>
  <system-out/>
</testsuite> <!-- test.Day1 -->
