<?xml version="1.0" encoding="UTF-8"?>
<!-- Generated by org.testng.reporters.JUnitReportReporter -->
<testsuite hostname="LAPTOP-M3BBU8N8" failures="0" tests="3" name="test.Day4" time="0.003" errors="0" timestamp="2020-10-14T11:54:51 IST" skipped="0">
  <testcase classname="test.Day4" name="webLoginhomeloan" time="0.001"/>
  <system-out/>
  <testcase classname="test.Day4" name="RestAPILoginhomeloan" time="0.001"/>
  <system-out/>
  <testcase classname="test.Day4" name="MobileLoginhomeloan" time="0.001"/>
  <system-out/>
</testsuite> <!-- test.Day4 -->
