<?xml version="1.0" encoding="UTF-8"?>
<!-- Generated by org.testng.reporters.JUnitReportReporter -->
<testsuite hostname="LAPTOP-M3BBU8N8" failures="0" tests="2" name="test.Day3" time="0.002" errors="0" timestamp="2020-10-14T11:54:51 IST" skipped="0">
  <testcase classname="test.Day3" name="webLogin" time="0.001"/>
  <system-out/>
  <testcase classname="test.Day3" name="RestAPILogin" time="0.001"/>
  <system-out/>
</testsuite> <!-- test.Day3 -->
