<?xml version="1.0" encoding="UTF-8"?>
<!-- Generated by org.testng.reporters.JUnitReportReporter -->
<testsuite hostname="LAPTOP-M3BBU8N8" failures="0" tests="1" name="testCases.LoginApplication" time="11.901" errors="0" timestamp="2020-10-23T16:44:26 IST" skipped="0">
  <testcase classname="testCases.LoginApplication" name="login" time="11.901"/>
  <system-out/>
</testsuite> <!-- testCases.LoginApplication -->
