<?xml version="1.0" encoding="UTF-8"?>
<!-- Generated by org.testng.reporters.JUnitReportReporter -->
<testsuite hostname="LAPTOP-M3BBU8N8" failures="0" tests="1" name="cucmberOptions.TestRunner" time="49.369" errors="0" timestamp="2020-10-28T17:48:03 IST" skipped="0">
  <testcase classname="cucmberOptions.TestRunner" name="feature" time="49.369"/>
  <system-out/>
</testsuite> <!-- cucmberOptions.TestRunner -->
