<?xml version="1.0" encoding="UTF-8"?>
<!-- Generated by org.testng.reporters.JUnitReportReporter -->
<testsuite hostname="LAPTOP-M3BBU8N8" failures="0" tests="4" name="Academy.E2EProjct.hompage" time="73.650" errors="0" timestamp="2020-10-27T16:20:29 IST" skipped="0">
  <testcase classname="Academy.E2EProjct.hompage" name="basepagenavigation" time="17.224"/>
  <system-out/>
  <testcase classname="Academy.E2EProjct.hompage" name="basepagenavigation" time="16.562"/>
  <system-out/>
  <testcase classname="Academy.E2EProjct.hompage" name="basepagenavigation" time="17.723"/>
  <system-out/>
  <testcase classname="Academy.E2EProjct.hompage" name="basepagenavigation" time="22.141"/>
  <system-out/>
</testsuite> <!-- Academy.E2EProjct.hompage -->
