<?xml version="1.0" encoding="UTF-8"?>
<!-- Generated by org.testng.reporters.JUnitReportReporter -->
<testsuite hostname="LAPTOP-M3BBU8N8" failures="0" tests="1" name="Log4j_continued.seleniumtestcase_log4j.act" time="19.415" errors="0" timestamp="2020-10-26T21:26:42 IST" skipped="0">
  <testcase classname="Log4j_continued.seleniumtestcase_log4j.act" name="test" time="19.415"/>
  <system-out/>
</testsuite> <!-- Log4j_continued.seleniumtestcase_log4j.act -->
