<?xml version="1.0" encoding="UTF-8"?>
<!-- Generated by org.testng.reporters.JUnitReportReporter -->
<testsuite hostname="LAPTOP-M3BBU8N8" failures="0" tests="2" name="MavenPrj.MavenJava.RestAPITest" time="0.001" errors="0" timestamp="2020-10-21T01:22:29 IST" skipped="0">
  <testcase classname="MavenPrj.MavenJava.RestAPITest" name="delettwitter" time="0.000"/>
  <system-out/>
  <testcase classname="MavenPrj.MavenJava.RestAPITest" name="PostJira" time="0.001"/>
  <system-out/>
</testsuite> <!-- MavenPrj.MavenJava.RestAPITest -->
