<?xml version="1.0" encoding="UTF-8"?>
<!-- Generated by org.testng.reporters.JUnitReportReporter -->
<testsuite hostname="LAPTOP-M3BBU8N8" failures="0" tests="1" name="cucmberOptions.TestRunner" time="51.968" errors="0" timestamp="2020-10-28T18:22:59 IST" skipped="0">
  <testcase classname="cucmberOptions.TestRunner" name="feature" time="51.968"/>
  <system-out/>
</testsuite> <!-- cucmberOptions.TestRunner -->
