<?xml version="1.0" encoding="UTF-8"?>
<!-- Generated by org.testng.reporters.JUnitReportReporter -->
<testsuite hostname="LAPTOP-M3BBU8N8" failures="0" tests="4" name="Academy.E2EProjct.hompage" time="68.597" errors="0" timestamp="2020-10-28T18:22:59 IST" skipped="0">
  <testcase classname="Academy.E2EProjct.hompage" name="basepagenavigation" time="14.845"/>
  <system-out/>
  <testcase classname="Academy.E2EProjct.hompage" name="basepagenavigation" time="15.519"/>
  <system-out/>
  <testcase classname="Academy.E2EProjct.hompage" name="basepagenavigation" time="14.862"/>
  <system-out/>
  <testcase classname="Academy.E2EProjct.hompage" name="basepagenavigation" time="23.371"/>
  <system-out/>
</testsuite> <!-- Academy.E2EProjct.hompage -->
