<?xml version="1.0" encoding="UTF-8"?>
<!-- Generated by org.testng.reporters.JUnitReportReporter -->
<testsuite hostname="LAPTOP-M3BBU8N8" failures="0" tests="1" name="restAPITest.testRunner" time="4.780" errors="0" timestamp="2020-10-20T11:43:06 IST" skipped="0">
  <testcase classname="restAPITest.testRunner" name="SoapTest" time="4.780"/>
  <system-out/>
</testsuite> <!-- restAPITest.testRunner -->
