<?xml version="1.0" encoding="UTF-8"?>
<!-- Generated by org.testng.reporters.JUnitReportReporter -->
<testsuite hostname="LAPTOP-M3BBU8N8" failures="0" tests="1" name="testRunner" time="4.519" errors="0" timestamp="2020-10-19T13:24:54 IST" skipped="0">
  <testcase classname="testRunner" name="SoapTest" time="4.519"/>
  <system-out/>
</testsuite> <!-- testRunner -->
