<?xml version="1.0" encoding="UTF-8"?>
<!-- Generated by org.testng.reporters.JUnitReportReporter -->
<testsuite hostname="LAPTOP-M3BBU8N8" failures="0" tests="1" name="MavenProject.ExtentReports.ExtentReportDemo" time="14.071" errors="0" timestamp="2020-10-21T03:15:03 IST" skipped="0">
  <testcase classname="MavenProject.ExtentReports.ExtentReportDemo" name="intialDemo" time="14.071"/>
  <system-out/>
</testsuite> <!-- MavenProject.ExtentReports.ExtentReportDemo -->
